# JRE version: Java(TM) SE Runtime Environment (8.0_101-b13) (build 1.8.0_101-b13)
# Java VM: Java HotSpot(TM) 64-Bit Server VM (25.101-b13 mixed mode windows-amd64 compressed oops)
Heap:
 PSYoungGen      total 107520K, used 66089K [0x000000076b400000, 0x0000000774000000, 0x00000007c0000000)
  eden space 81920K, 53% used [0x000000076b400000,0x000000076df0a100,0x0000000770400000)
  from space 25600K, 86% used [0x0000000770400000,0x0000000771980678,0x0000000771d00000)
  to   space 19456K, 0% used [0x0000000771d00000,0x0000000771d00000,0x0000000773000000)
 ParOldGen       total 121856K, used 52677K [0x00000006c1c00000, 0x00000006c9300000, 0x000000076b400000)
  object space 121856K, 43% used [0x00000006c1c00000,0x00000006c4f717a8,0x00000006c9300000)
 Metaspace       used 27928K, capacity 28564K, committed 28976K, reserved 1075200K
  class space    used 3149K, capacity 3307K, committed 3376K, reserved 1048576K
GC Heap History (10 events):
Event: 14.859 GC heap before
{Heap before GC invocations=8 (full 1):
 PSYoungGen      total 79872K, used 63983K [0x000000076b400000, 0x0000000773380000, 0x00000007c0000000)
  eden space 62464K, 100% used [0x000000076b400000,0x000000076f100000,0x000000076f100000)
  from space 17408K, 8% used [0x0000000770380000,0x00000007704fbcc8,0x0000000771480000)
  to   space 18944K, 0% used [0x000000076f100000,0x000000076f100000,0x0000000770380000)
 ParOldGen       total 121856K, used 18247K [0x00000006c1c00000, 0x00000006c9300000, 0x000000076b400000)
  object space 121856K, 14% used [0x00000006c1c00000,0x00000006c2dd1d90,0x00000006c9300000)
 Metaspace       used 23259K, capacity 23684K, committed 23984K, reserved 1071104K
  class space    used 2730K, capacity 2872K, committed 2992K, reserved 1048576K
Event: 14.863 GC heap after
Heap after GC invocations=8 (full 1):
 PSYoungGen      total 81408K, used 3408K [0x000000076b400000, 0x0000000773000000, 0x00000007c0000000)
  eden space 62464K, 0% used [0x000000076b400000,0x000000076b400000,0x000000076f100000)
  from space 18944K, 17% used [0x000000076f100000,0x000000076f4541d8,0x0000000770380000)
  to   space 19456K, 0% used [0x0000000771d00000,0x0000000771d00000,0x0000000773000000)
 ParOldGen       total 121856K, used 18255K [0x00000006c1c00000, 0x00000006c9300000, 0x000000076b400000)
  object space 121856K, 14% used [0x00000006c1c00000,0x00000006c2dd3d90,0x00000006c9300000)
 Metaspace       used 23259K, capacity 23684K, committed 23984K, reserved 1071104K
  class space    used 2730K, capacity 2872K, committed 2992K, reserved 1048576K
}
Event: 15.997 GC heap before
{Heap before GC invocations=9 (full 1):
 PSYoungGen      total 81408K, used 65872K [0x000000076b400000, 0x0000000773000000, 0x00000007c0000000)
  eden space 62464K, 100% used [0x000000076b400000,0x000000076f100000,0x000000076f100000)
  from space 18944K, 17% used [0x000000076f100000,0x000000076f4541d8,0x0000000770380000)
  to   space 19456K, 0% used [0x0000000771d00000,0x0000000771d00000,0x0000000773000000)
 ParOldGen       total 121856K, used 18255K [0x00000006c1c00000, 0x00000006c9300000, 0x000000076b400000)
  object space 121856K, 14% used [0x00000006c1c00000,0x00000006c2dd3d90,0x00000006c9300000)
 Metaspace       used 24880K, capacity 25380K, committed 25648K, reserved 1071104K
  class space    used 2869K, capacity 3032K, committed 3120K, reserved 1048576K
Event: 16.012 GC heap after
Heap after GC invocations=9 (full 1):
 PSYoungGen      total 101376K, used 19427K [0x000000076b400000, 0x0000000774000000, 0x00000007c0000000)
  eden space 81920K, 0% used [0x000000076b400000,0x000000076b400000,0x0000000770400000)
  from space 19456K, 99% used [0x0000000771d00000,0x0000000772ff8e08,0x0000000773000000)
  to   space 25600K, 0% used [0x0000000770400000,0x0000000770400000,0x0000000771d00000)
 ParOldGen       total 121856K, used 24794K [0x00000006c1c00000, 0x00000006c9300000, 0x000000076b400000)
  object space 121856K, 20% used [0x00000006c1c00000,0x00000006c3436898,0x00000006c9300000)
 Metaspace       used 24880K, capacity 25380K, committed 25648K, reserved 1071104K
  class space    used 2869K, capacity 3032K, committed 3120K, reserved 1048576K
}
Event: 16.445 GC heap before
{Heap before GC invocations=10 (full 1):
 PSYoungGen      total 101376K, used 101347K [0x000000076b400000, 0x0000000774000000, 0x00000007c0000000)
  eden space 81920K, 100% used [0x000000076b400000,0x0000000770400000,0x0000000770400000)
  from space 19456K, 99% used [0x0000000771d00000,0x0000000772ff8e08,0x0000000773000000)
  to   space 25600K, 0% used [0x0000000770400000,0x0000000770400000,0x0000000771d00000)
 ParOldGen       total 121856K, used 24794K [0x00000006c1c00000, 0x00000006c9300000, 0x000000076b400000)
  object space 121856K, 20% used [0x00000006c1c00000,0x00000006c3436898,0x00000006c9300000)
 Metaspace       used 25787K, capacity 26276K, committed 26416K, reserved 1073152K
  class space    used 2933K, capacity 3096K, committed 3120K, reserved 1048576K
Event: 16.474 GC heap after
Heap after GC invocations=10 (full 1):
 PSYoungGen      total 107520K, used 25581K [0x000000076b400000, 0x0000000774000000, 0x00000007c0000000)
  eden space 81920K, 0% used [0x000000076b400000,0x000000076b400000,0x0000000770400000)
  from space 25600K, 99% used [0x0000000770400000,0x0000000771cfb770,0x0000000771d00000)
  to   space 19456K, 0% used [0x0000000771d00000,0x0000000771d00000,0x0000000773000000)
 ParOldGen       total 121856K, used 35110K [0x00000006c1c00000, 0x00000006c9300000, 0x000000076b400000)
  object space 121856K, 28% used [0x00000006c1c00000,0x00000006c3e49a38,0x00000006c9300000)
 Metaspace       used 25787K, capacity 26276K, committed 26416K, reserved 1073152K
  class space    used 2933K, capacity 3096K, committed 3120K, reserved 1048576K
}
Event: 17.091 GC heap before
{Heap before GC invocations=11 (full 1):
 PSYoungGen      total 107520K, used 107501K [0x000000076b400000, 0x0000000774000000, 0x00000007c0000000)
  eden space 81920K, 100% used [0x000000076b400000,0x0000000770400000,0x0000000770400000)
  from space 25600K, 99% used [0x0000000770400000,0x0000000771cfb770,0x0000000771d00000)
  to   space 19456K, 0% used [0x0000000771d00000,0x0000000771d00000,0x0000000773000000)
 ParOldGen       total 121856K, used 35110K [0x00000006c1c00000, 0x00000006c9300000, 0x000000076b400000)
  object space 121856K, 28% used [0x00000006c1c00000,0x00000006c3e49a38,0x00000006c9300000)
 Metaspace       used 27597K, capacity 28170K, committed 28464K, reserved 1075200K
  class space    used 3127K, capacity 3268K, committed 3376K, reserved 1048576K
Event: 17.137 GC heap after
Heap after GC invocations=11 (full 1):
 PSYoungGen      total 101376K, used 19425K [0x000000076b400000, 0x0000000774000000, 0x00000007c0000000)
  eden space 81920K, 0% used [0x000000076b400000,0x000000076b400000,0x0000000770400000)
  from space 19456K, 99% used [0x0000000771d00000,0x0000000772ff8678,0x0000000773000000)
  to   space 25600K, 0% used [0x0000000770400000,0x0000000770400000,0x0000000771d00000)
 ParOldGen       total 121856K, used 52653K [0x00000006c1c00000, 0x00000006c9300000, 0x000000076b400000)
  object space 121856K, 43% used [0x00000006c1c00000,0x00000006c4f6b7a8,0x00000006c9300000)
 Metaspace       used 27597K, capacity 28170K, committed 28464K, reserved 1075200K
  class space    used 3127K, capacity 3268K, committed 3376K, reserved 1048576K
}
Event: 17.381 GC heap before
{Heap before GC invocations=12 (full 1):
 PSYoungGen      total 101376K, used 101345K [0x000000076b400000, 0x0000000774000000, 0x00000007c0000000)
  eden space 81920K, 100% used [0x000000076b400000,0x0000000770400000,0x0000000770400000)
  from space 19456K, 99% used [0x0000000771d00000,0x0000000772ff8678,0x0000000773000000)
  to   space 25600K, 0% used [0x0000000770400000,0x0000000770400000,0x0000000771d00000)
 ParOldGen       total 121856K, used 52653K [0x00000006c1c00000, 0x00000006c9300000, 0x000000076b400000)
  object space 121856K, 43% used [0x00000006c1c00000,0x00000006c4f6b7a8,0x00000006c9300000)
 Metaspace       used 27762K, capacity 28340K, committed 28720K, reserved 1075200K
  class space    used 3134K, capacity 3275K, committed 3376K, reserved 1048576K
Event: 17.405 GC heap after
Heap after GC invocations=12 (full 1):
 PSYoungGen      total 107520K, used 22017K [0x000000076b400000, 0x0000000774000000, 0x00000007c0000000)
  eden space 81920K, 0% used [0x000000076b400000,0x000000076b400000,0x0000000770400000)
  from space 25600K, 86% used [0x0000000770400000,0x0000000771980678,0x0000000771d00000)
  to   space 19456K, 0% used [0x0000000771d00000,0x0000000771d00000,0x0000000773000000)
 ParOldGen       total 121856K, used 52677K [0x00000006c1c00000, 0x00000006c9300000, 0x000000076b400000)
  object space 121856K, 43% used [0x00000006c1c00000,0x00000006c4f717a8,0x00000006c9300000)
 Metaspace       used 27762K, capacity 28340K, committed 28720K, reserved 1075200K
  class space    used 3134K, capacity 3275K, committed 3376K, reserved 1048576K
}

