# JRE version: Java(TM) SE Runtime Environment (8.0_101-b13) (build 1.8.0_101-b13)
# Java VM: Java HotSpot(TM) 64-Bit Server VM (25.101-b13 mixed mode windows-amd64 compressed oops)
Heap:
 PSYoungGen      total 109568K, used 44329K [0x000000076b400000, 0x0000000774680000, 0x00000007c0000000)
  eden space 83456K, 21% used [0x000000076b400000,0x000000076c5d1740,0x0000000770580000)
  from space 26112K, 99% used [0x0000000770580000,0x0000000771ef8e30,0x0000000771f00000)
  to   space 19456K, 0% used [0x0000000771f00000,0x0000000771f00000,0x0000000773200000)
 ParOldGen       total 122880K, used 35528K [0x00000006c1c00000, 0x00000006c9400000, 0x000000076b400000)
  object space 122880K, 28% used [0x00000006c1c00000,0x00000006c3eb2150,0x00000006c9400000)
 Metaspace       used 26102K, capacity 26532K, committed 26672K, reserved 1073152K
  class space    used 2958K, capacity 3096K, committed 3120K, reserved 1048576K
GC Heap History (10 events):
Event: 12.745 GC heap before
{Heap before GC invocations=6 (full 1):
 PSYoungGen      total 74752K, used 10736K [0x000000076b400000, 0x0000000771380000, 0x00000007c0000000)
  eden space 64000K, 0% used [0x000000076b400000,0x000000076b400000,0x000000076f280000)
  from space 10752K, 99% used [0x000000076f400000,0x000000076fe7c030,0x000000076fe80000)
  to   space 16896K, 0% used [0x0000000770300000,0x0000000770300000,0x0000000771380000)
 ParOldGen       total 175104K, used 11756K [0x00000006c1c00000, 0x00000006cc700000, 0x000000076b400000)
  object space 175104K, 6% used [0x00000006c1c00000,0x00000006c277b028,0x00000006cc700000)
 Metaspace       used 20774K, capacity 21158K, committed 21296K, reserved 1069056K
  class space    used 2425K, capacity 2572K, committed 2608K, reserved 1048576K
Event: 12.850 GC heap after
Heap after GC invocations=6 (full 1):
 PSYoungGen      total 74752K, used 0K [0x000000076b400000, 0x0000000771380000, 0x00000007c0000000)
  eden space 64000K, 0% used [0x000000076b400000,0x000000076b400000,0x000000076f280000)
  from space 10752K, 0% used [0x000000076f400000,0x000000076f400000,0x000000076fe80000)
  to   space 16896K, 0% used [0x0000000770300000,0x0000000770300000,0x0000000771380000)
 ParOldGen       total 122880K, used 19570K [0x00000006c1c00000, 0x00000006c9400000, 0x000000076b400000)
  object space 122880K, 15% used [0x00000006c1c00000,0x00000006c2f1cbe0,0x00000006c9400000)
 Metaspace       used 20774K, capacity 21158K, committed 21296K, reserved 1069056K
  class space    used 2425K, capacity 2572K, committed 2608K, reserved 1048576K
}
Event: 14.869 GC heap before
{Heap before GC invocations=7 (full 1):
 PSYoungGen      total 74752K, used 64000K [0x000000076b400000, 0x0000000771380000, 0x00000007c0000000)
  eden space 64000K, 100% used [0x000000076b400000,0x000000076f280000,0x000000076f280000)
  from space 10752K, 0% used [0x000000076f400000,0x000000076f400000,0x000000076fe80000)
  to   space 16896K, 0% used [0x0000000770300000,0x0000000770300000,0x0000000771380000)
 ParOldGen       total 122880K, used 19570K [0x00000006c1c00000, 0x00000006c9400000, 0x000000076b400000)
  object space 122880K, 15% used [0x00000006c1c00000,0x00000006c2f1cbe0,0x00000006c9400000)
 Metaspace       used 21865K, capacity 22290K, committed 22448K, reserved 1069056K
  class space    used 2534K, capacity 2670K, committed 2736K, reserved 1048576K
Event: 14.871 GC heap after
Heap after GC invocations=7 (full 1):
 PSYoungGen      total 80896K, used 1493K [0x000000076b400000, 0x0000000771380000, 0x00000007c0000000)
  eden space 64000K, 0% used [0x000000076b400000,0x000000076b400000,0x000000076f280000)
  from space 16896K, 8% used [0x0000000770300000,0x0000000770475640,0x0000000771380000)
  to   space 10752K, 0% used [0x000000076f400000,0x000000076f400000,0x000000076fe80000)
 ParOldGen       total 122880K, used 19578K [0x00000006c1c00000, 0x00000006c9400000, 0x000000076b400000)
  object space 122880K, 15% used [0x00000006c1c00000,0x00000006c2f1ebe0,0x00000006c9400000)
 Metaspace       used 21865K, capacity 22290K, committed 22448K, reserved 1069056K
  class space    used 2534K, capacity 2670K, committed 2736K, reserved 1048576K
}
Event: 15.894 GC heap before
{Heap before GC invocations=8 (full 1):
 PSYoungGen      total 80896K, used 65493K [0x000000076b400000, 0x0000000771380000, 0x00000007c0000000)
  eden space 64000K, 100% used [0x000000076b400000,0x000000076f280000,0x000000076f280000)
  from space 16896K, 8% used [0x0000000770300000,0x0000000770475640,0x0000000771380000)
  to   space 10752K, 0% used [0x000000076f400000,0x000000076f400000,0x000000076fe80000)
 ParOldGen       total 122880K, used 19578K [0x00000006c1c00000, 0x00000006c9400000, 0x000000076b400000)
  object space 122880K, 15% used [0x00000006c1c00000,0x00000006c2f1ebe0,0x00000006c9400000)
 Metaspace       used 23319K, capacity 23748K, committed 23984K, reserved 1071104K
  class space    used 2730K, capacity 2872K, committed 2992K, reserved 1048576K
Event: 15.897 GC heap after
Heap after GC invocations=8 (full 1):
 PSYoungGen      total 76288K, used 3401K [0x000000076b400000, 0x0000000773200000, 0x00000007c0000000)
  eden space 65536K, 0% used [0x000000076b400000,0x000000076b400000,0x000000076f400000)
  from space 10752K, 31% used [0x000000076f400000,0x000000076f752580,0x000000076fe80000)
  to   space 19456K, 0% used [0x0000000771f00000,0x0000000771f00000,0x0000000773200000)
 ParOldGen       total 122880K, used 19586K [0x00000006c1c00000, 0x00000006c9400000, 0x000000076b400000)
  object space 122880K, 15% used [0x00000006c1c00000,0x00000006c2f20be0,0x00000006c9400000)
 Metaspace       used 23319K, capacity 23748K, committed 23984K, reserved 1071104K
  class space    used 2730K, capacity 2872K, committed 2992K, reserved 1048576K
}
Event: 17.064 GC heap before
{Heap before GC invocations=9 (full 1):
 PSYoungGen      total 76288K, used 68937K [0x000000076b400000, 0x0000000773200000, 0x00000007c0000000)
  eden space 65536K, 100% used [0x000000076b400000,0x000000076f400000,0x000000076f400000)
  from space 10752K, 31% used [0x000000076f400000,0x000000076f752580,0x000000076fe80000)
  to   space 19456K, 0% used [0x0000000771f00000,0x0000000771f00000,0x0000000773200000)
 ParOldGen       total 122880K, used 19586K [0x00000006c1c00000, 0x00000006c9400000, 0x000000076b400000)
  object space 122880K, 15% used [0x00000006c1c00000,0x00000006c2f20be0,0x00000006c9400000)
 Metaspace       used 24969K, capacity 25508K, committed 25904K, reserved 1073152K
  class space    used 2869K, capacity 3032K, committed 3120K, reserved 1048576K
Event: 17.082 GC heap after
Heap after GC invocations=9 (full 1):
 PSYoungGen      total 102912K, used 19446K [0x000000076b400000, 0x0000000774680000, 0x00000007c0000000)
  eden space 83456K, 0% used [0x000000076b400000,0x000000076b400000,0x0000000770580000)
  from space 19456K, 99% used [0x0000000771f00000,0x00000007731fd828,0x0000000773200000)
  to   space 26112K, 0% used [0x0000000770580000,0x0000000770580000,0x0000000771f00000)
 ParOldGen       total 122880K, used 26956K [0x00000006c1c00000, 0x00000006c9400000, 0x000000076b400000)
  object space 122880K, 21% used [0x00000006c1c00000,0x00000006c36531d8,0x00000006c9400000)
 Metaspace       used 24969K, capacity 25508K, committed 25904K, reserved 1073152K
  class space    used 2869K, capacity 3032K, committed 3120K, reserved 1048576K
}
Event: 17.527 GC heap before
{Heap before GC invocations=10 (full 1):
 PSYoungGen      total 102912K, used 102902K [0x000000076b400000, 0x0000000774680000, 0x00000007c0000000)
  eden space 83456K, 100% used [0x000000076b400000,0x0000000770580000,0x0000000770580000)
  from space 19456K, 99% used [0x0000000771f00000,0x00000007731fd828,0x0000000773200000)
  to   space 26112K, 0% used [0x0000000770580000,0x0000000770580000,0x0000000771f00000)
 ParOldGen       total 122880K, used 26956K [0x00000006c1c00000, 0x00000006c9400000, 0x000000076b400000)
  object space 122880K, 21% used [0x00000006c1c00000,0x00000006c36531d8,0x00000006c9400000)
 Metaspace       used 25874K, capacity 26340K, committed 26672K, reserved 1073152K
  class space    used 2937K, capacity 3096K, committed 3120K, reserved 1048576K
Event: 17.564 GC heap after
Heap after GC invocations=10 (full 1):
 PSYoungGen      total 109568K, used 26083K [0x000000076b400000, 0x0000000774680000, 0x00000007c0000000)
  eden space 83456K, 0% used [0x000000076b400000,0x000000076b400000,0x0000000770580000)
  from space 26112K, 99% used [0x0000000770580000,0x0000000771ef8e30,0x0000000771f00000)
  to   space 19456K, 0% used [0x0000000771f00000,0x0000000771f00000,0x0000000773200000)
 ParOldGen       total 122880K, used 35528K [0x00000006c1c00000, 0x00000006c9400000, 0x000000076b400000)
  object space 122880K, 28% used [0x00000006c1c00000,0x00000006c3eb2150,0x00000006c9400000)
 Metaspace       used 25874K, capacity 26340K, committed 26672K, reserved 1073152K
  class space    used 2937K, capacity 3096K, committed 3120K, reserved 1048576K
}

